#
# A fatal error has been detected by the Java Runtime Environment:
#
#  EXCEPTION_ACCESS_VIOLATION (0xc0000005) at pc=0x00007ffb079e268d, pid=4692, tid=10960
#
# JRE version: Java(TM) SE Runtime Environment (8.0_05-b13) (build 1.8.0_05-b13)
# Java VM: Java HotSpot(TM) 64-Bit Server VM (25.5-b02 mixed mode windows-amd64 compressed oops)
# Problematic frame:
# C  [glfw.dll+0x1268d]
#
# Failed to write core dump. Minidumps are not enabled by default on client versions of Windows
#
# If you would like to submit a bug report, please visit:
#   http://bugreport.sun.com/bugreport/crash.jsp
# The crash happened outside the Java Virtual Machine in native code.
# See problematic frame for where to report the bug.
#

---------------  T H R E A D  ---------------

Current thread (0x0000000002e99000):  JavaThread "Finalizer" daemon [_thread_in_native, id=10960, stack(0x0000000019530000,0x0000000019630000)]

siginfo: ExceptionCode=0xc0000005, reading address 0x0000000000000948

Registers:
RAX=0x00000000662137b0, RBX=0x000000001782a660, RCX=0x0000000000000001, RDX=0x000000001a8b49ac
RSP=0x000000001962f2d8, RBP=0x000000001962f358, RSI=0x000000000000065b, RDI=0x0000000002ea7380
R8 =0x0000000000000001, R9 =0x000000001a8b49ac, R10=0x0000000000000000, R11=0x0000000065cd9df0
R12=0x0000000000000000, R13=0x000000001782a660, R14=0x000000001962f388, R15=0x0000000002e99000
RIP=0x00007ffb079e268d, EFLAGS=0x0000000000010206

Top of Stack: (sp=0x000000001962f2d8)
0x000000001962f2d8:   0000000002eb4b6e 0000000002ea7380
0x000000001962f2e8:   0000000002eb48e5 0000000002e99000
0x000000001962f2f8:   000000001782a660 000000000000065b
0x000000001962f308:   0000000002e99000 0000000002eb489c
0x000000001962f318:   000000001962f318 000000001782a660
0x000000001962f328:   000000001962f388 000000001782f978
0x000000001962f338:   0000000000000000 000000001782a660
0x000000001962f348:   0000000000000000 000000001962f378
0x000000001962f358:   000000001962f3d0 0000000002ea7380
0x000000001962f368:   0000000081dc1458 0000000002eaf018
0x000000001962f378:   000000001a8b49ac 00000000d582b740
0x000000001962f388:   0000000000000001 000000001962f390
0x000000001962f398:   000000001782a7d4 000000001962f400
0x000000001962f3a8:   000000001782f978 0000000000000000
0x000000001962f3b8:   000000001782a848 000000001962f378
0x000000001962f3c8:   000000001962f400 000000001962f448 

Instructions: (pc=0x00007ffb079e268d)
0x00007ffb079e266d:   49 ff a2 e8 00 00 00 cc cc cc cc cc cc cc cc cc
0x00007ffb079e267d:   cc cc cc 48 8b 01 49 8b d1 41 8b c8 4c 8b 50 18
0x00007ffb079e268d:   49 ff a2 48 09 00 00 cc cc cc cc cc cc cc cc cc
0x00007ffb079e269d:   cc cc cc 48 8b 01 49 8b d1 41 8b c8 4c 8b 50 18 


Register to memory mapping:

RAX=0x00000000662137b0 is an unknown value
RBX=0x000000001782a660 is an unknown value
RCX=0x0000000000000001 is an unknown value
RDX=0x000000001a8b49ac is an unknown value
RSP=0x000000001962f2d8 is pointing into the stack for thread: 0x0000000002e99000
RBP=0x000000001962f358 is pointing into the stack for thread: 0x0000000002e99000
RSI=0x000000000000065b is an unknown value
RDI=0x0000000002ea7380 is at code_begin+1664 in an Interpreter codelet
invoke return entry points  [0x0000000002ea6d00, 0x0000000002ea7460]  1888 bytes
R8 =0x0000000000000001 is an unknown value
R9 =0x000000001a8b49ac is an unknown value
R10=0x0000000000000000 is an unknown value
R11=0x0000000065cd9df0 is an unknown value
R12=0x0000000000000000 is an unknown value
R13=0x000000001782a660 is an unknown value
R14=0x000000001962f388 is pointing into the stack for thread: 0x0000000002e99000
R15=0x0000000002e99000 is a thread


Stack: [0x0000000019530000,0x0000000019630000],  sp=0x000000001962f2d8,  free space=1020k
Native frames: (J=compiled Java code, j=interpreted, Vv=VM code, C=native code)
C  [lwjgl_opengl.dll+0x1268d]

Java frames: (J=compiled Java code, j=interpreted, Vv=VM code)
j  org.lwjgl.opengl.GL15.nglDeleteBuffers(IJ)V+0
j  org.lwjgl.opengl.GL15.glDeleteBuffers(I)V+20
j  render.Model.finalize()V+4
J 672 C1 java.lang.ref.Finalizer.runFinalizer(Lsun/misc/JavaLangAccess;)V (62 bytes) @ 0x000000000318f9c4 [0x000000000318f440+0x584]
J 671 C1 java.lang.ref.Finalizer.access$100(Ljava/lang/ref/Finalizer;Lsun/misc/JavaLangAccess;)V (6 bytes) @ 0x000000000319011c [0x00000000031900c0+0x5c]
j  java.lang.ref.Finalizer$FinalizerThread.run()V+45
v  ~StubRoutines::call_stub

---------------  P R O C E S S  ---------------

Java Threads: ( => current thread )
  0x000000001a8f7000 JavaThread "Java2D Disposer" daemon [_thread_blocked, id=2800, stack(0x0000000022c60000,0x0000000022d60000)]
  0x0000000017cce000 JavaThread "Service Thread" daemon [_thread_blocked, id=12204, stack(0x0000000019f30000,0x000000001a030000)]
  0x0000000017cb8000 JavaThread "C1 CompilerThread2" daemon [_thread_blocked, id=14172, stack(0x0000000019a30000,0x0000000019b30000)]
  0x0000000017cb7000 JavaThread "C2 CompilerThread1" daemon [_thread_blocked, id=10496, stack(0x0000000019930000,0x0000000019a30000)]
  0x0000000017cb5000 JavaThread "C2 CompilerThread0" daemon [_thread_blocked, id=12628, stack(0x0000000019830000,0x0000000019930000)]
  0x0000000017cb1800 JavaThread "Attach Listener" daemon [_thread_blocked, id=4212, stack(0x0000000019730000,0x0000000019830000)]
  0x0000000017cb0800 JavaThread "Signal Dispatcher" daemon [_thread_blocked, id=10492, stack(0x0000000019630000,0x0000000019730000)]
=>0x0000000002e99000 JavaThread "Finalizer" daemon [_thread_in_native, id=10960, stack(0x0000000019530000,0x0000000019630000)]
  0x0000000017c7a800 JavaThread "Reference Handler" daemon [_thread_blocked, id=9060, stack(0x0000000019430000,0x0000000019530000)]
  0x0000000002da2800 JavaThread "main" [_thread_in_Java, id=10812, stack(0x0000000002ca0000,0x0000000002da0000)]

Other Threads:
  0x0000000017c76000 VMThread [stack: 0x0000000019330000,0x0000000019430000] [id=8948]
  0x0000000019ba1800 WatcherThread [stack: 0x000000001a030000,0x000000001a130000] [id=9292]

VM state:not at safepoint (normal execution)

VM Mutex/Monitor currently owned by a thread: None

Heap:
 PSYoungGen      total 14336K, used 1440K [0x00000000d5800000, 0x00000000d6800000, 0x0000000100000000)
  eden space 12288K, 4% used [0x00000000d5800000,0x00000000d5888210,0x00000000d6400000)
  from space 2048K, 43% used [0x00000000d6600000,0x00000000d66e0000,0x00000000d6800000)
  to   space 2048K, 0% used [0x00000000d6400000,0x00000000d6400000,0x00000000d6600000)
 ParOldGen       total 129536K, used 22629K [0x0000000080800000, 0x0000000088680000, 0x00000000d5800000)
  object space 129536K, 17% used [0x0000000080800000,0x0000000081e19780,0x0000000088680000)
 Metaspace       used 11369K, capacity 11551K, committed 11776K, reserved 1060864K
  class space    used 944K, capacity 998K, committed 1024K, reserved 1048576K

Card table byte_map: [0x0000000012260000,0x0000000012660000] byte_map_base: 0x0000000011e5c000

Marking Bits: (ParMarkBitMap*) 0x00000000662813b0
 Begin Bits: [0x0000000012f10000, 0x0000000014ef0000)
 End Bits:   [0x0000000014ef0000, 0x0000000016ed0000)

Polling page: 0x0000000001470000

CodeCache: size=245760Kb used=3810Kb max_used=3810Kb free=241949Kb
 bounds [0x0000000002ea0000, 0x0000000003260000, 0x0000000011ea0000]
 total_blobs=1880 nmethods=974 adapters=821
 compilation: enabled

Compilation events (10 events):
Event: 2.787 Thread 0x0000000017cb8000  955       3       render.Model::render (90 bytes)
Event: 2.787 Thread 0x0000000017cb8000 nmethod 955 0x0000000003253190 code [0x00000000032533a0, 0x00000000032538d8]
Event: 2.791 Thread 0x0000000017cb8000  958   !   3       sun.misc.Cleaner::clean (35 bytes)
Event: 2.791 Thread 0x0000000017cb8000 nmethod 958 0x0000000003253ed0 code [0x0000000003254080, 0x00000000032543f8]
Event: 2.791 Thread 0x0000000017cb8000  960       3       java.nio.DirectByteBuffer$Deallocator::run (37 bytes)
Event: 2.791 Thread 0x0000000017cb8000 nmethod 960 0x0000000003254590 code [0x0000000003254700, 0x00000000032549d8]
Event: 2.791 Thread 0x0000000017cb8000  959  s    3       sun.misc.Cleaner::remove (89 bytes)
Event: 2.791 Thread 0x0000000017cb8000 nmethod 959 0x0000000003254a90 code [0x0000000003254c00, 0x00000000032550f0]
Event: 2.792 Thread 0x0000000017cb8000  961  s    3       java.nio.Bits::unreserveMemory (58 bytes)
Event: 2.792 Thread 0x0000000017cb7000  962   !   4       world.World::getTile (21 bytes)

GC Heap History (10 events):
Event: 0.307 GC heap before
{Heap before GC invocations=6 (full 0):
 PSYoungGen      total 2560K, used 2560K [0x00000000d5800000, 0x00000000d5e00000, 0x0000000100000000)
  eden space 2048K, 100% used [0x00000000d5800000,0x00000000d5a00000,0x00000000d5a00000)
  from space 512K, 100% used [0x00000000d5a00000,0x00000000d5a80000,0x00000000d5a80000)
  to   space 1024K, 0% used [0x00000000d5d00000,0x00000000d5d00000,0x00000000d5e00000)
 ParOldGen       total 129536K, used 677K [0x0000000080800000, 0x0000000088680000, 0x00000000d5800000)
  object space 129536K, 0% used [0x0000000080800000,0x00000000808a97a0,0x0000000088680000)
 Metaspace       used 5074K, capacity 5262K, committed 5504K, reserved 1056768K
  class space    used 572K, capacity 627K, committed 640K, reserved 1048576K
Event: 0.309 GC heap after
Heap after GC invocations=6 (full 0):
 PSYoungGen      total 5120K, used 962K [0x00000000d5800000, 0x00000000d5e00000, 0x0000000100000000)
  eden space 4096K, 0% used [0x00000000d5800000,0x00000000d5800000,0x00000000d5c00000)
  from space 1024K, 94% used [0x00000000d5d00000,0x00000000d5df0ba8,0x00000000d5e00000)
  to   space 1024K, 0% used [0x00000000d5c00000,0x00000000d5c00000,0x00000000d5d00000)
 ParOldGen       total 129536K, used 685K [0x0000000080800000, 0x0000000088680000, 0x00000000d5800000)
  object space 129536K, 0% used [0x0000000080800000,0x00000000808ab7a0,0x0000000088680000)
 Metaspace       used 5074K, capacity 5262K, committed 5504K, reserved 1056768K
  class space    used 572K, capacity 627K, committed 640K, reserved 1048576K
}
Event: 2.112 GC heap before
{Heap before GC invocations=7 (full 0):
 PSYoungGen      total 5120K, used 5032K [0x00000000d5800000, 0x00000000d5e00000, 0x0000000100000000)
  eden space 4096K, 99% used [0x00000000d5800000,0x00000000d5bf97a0,0x00000000d5c00000)
  from space 1024K, 94% used [0x00000000d5d00000,0x00000000d5df0ba8,0x00000000d5e00000)
  to   space 1024K, 0% used [0x00000000d5c00000,0x00000000d5c00000,0x00000000d5d00000)
 ParOldGen       total 129536K, used 685K [0x0000000080800000, 0x0000000088680000, 0x00000000d5800000)
  object space 129536K, 0% used [0x0000000080800000,0x00000000808ab7a0,0x0000000088680000)
 Metaspace       used 6673K, capacity 6835K, committed 7168K, reserved 1056768K
  class space    used 609K, capacity 668K, committed 768K, reserved 1048576K
Event: 2.116 GC heap after
Heap after GC invocations=7 (full 0):
 PSYoungGen      total 5120K, used 1010K [0x00000000d5800000, 0x00000000d6300000, 0x0000000100000000)
  eden space 4096K, 0% used [0x00000000d5800000,0x00000000d5800000,0x00000000d5c00000)
  from space 1024K, 98% used [0x00000000d5c00000,0x00000000d5cfc990,0x00000000d5d00000)
  to   space 1536K, 0% used [0x00000000d6180000,0x00000000d6180000,0x00000000d6300000)
 ParOldGen       total 129536K, used 1310K [0x0000000080800000, 0x0000000088680000, 0x00000000d5800000)
  object space 129536K, 1% used [0x0000000080800000,0x0000000080947968,0x0000000088680000)
 Metaspace       used 6673K, capacity 6835K, committed 7168K, reserved 1056768K
  class space    used 609K, capacity 668K, committed 768K, reserved 1048576K
}
Event: 2.213 GC heap before
{Heap before GC invocations=8 (full 0):
 PSYoungGen      total 5120K, used 5106K [0x00000000d5800000, 0x00000000d6300000, 0x0000000100000000)
  eden space 4096K, 100% used [0x00000000d5800000,0x00000000d5c00000,0x00000000d5c00000)
  from space 1024K, 98% used [0x00000000d5c00000,0x00000000d5cfc990,0x00000000d5d00000)
  to   space 1536K, 0% used [0x00000000d6180000,0x00000000d6180000,0x00000000d6300000)
 ParOldGen       total 129536K, used 1310K [0x0000000080800000, 0x0000000088680000, 0x00000000d5800000)
  object space 129536K, 1% used [0x0000000080800000,0x0000000080947968,0x0000000088680000)
 Metaspace       used 8016K, capacity 8179K, committed 8448K, reserved 1056768K
  class space    used 669K, capacity 732K, committed 768K, reserved 1048576K
Event: 2.217 GC heap after
Heap after GC invocations=8 (full 0):
 PSYoungGen      total 9216K, used 1441K [0x00000000d5800000, 0x00000000d6400000, 0x0000000100000000)
  eden space 7680K, 0% used [0x00000000d5800000,0x00000000d5800000,0x00000000d5f80000)
  from space 1536K, 93% used [0x00000000d6180000,0x00000000d62e87e0,0x00000000d6300000)
  to   space 2048K, 0% used [0x00000000d5f80000,0x00000000d5f80000,0x00000000d6180000)
 ParOldGen       total 129536K, used 1514K [0x0000000080800000, 0x0000000088680000, 0x00000000d5800000)
  object space 129536K, 1% used [0x0000000080800000,0x000000008097a978,0x0000000088680000)
 Metaspace       used 8016K, capacity 8179K, committed 8448K, reserved 1056768K
  class space    used 669K, capacity 732K, committed 768K, reserved 1048576K
}
Event: 2.442 GC heap before
{Heap before GC invocations=9 (full 0):
 PSYoungGen      total 9216K, used 6471K [0x00000000d5800000, 0x00000000d6400000, 0x0000000100000000)
  eden space 7680K, 65% used [0x00000000d5800000,0x00000000d5ce9810,0x00000000d5f80000)
  from space 1536K, 93% used [0x00000000d6180000,0x00000000d62e87e0,0x00000000d6300000)
  to   space 2048K, 0% used [0x00000000d5f80000,0x00000000d5f80000,0x00000000d6180000)
 ParOldGen       total 129536K, used 1514K [0x0000000080800000, 0x0000000088680000, 0x00000000d5800000)
  object space 129536K, 1% used [0x0000000080800000,0x000000008097a978,0x0000000088680000)
 Metaspace       used 11265K, capacity 11421K, committed 11520K, reserved 1060864K
  class space    used 940K, capacity 997K, committed 1024K, reserved 1048576K
Event: 2.445 GC heap after
Heap after GC invocations=9 (full 0):
 PSYoungGen      total 9728K, used 1695K [0x00000000d5800000, 0x00000000d6800000, 0x0000000100000000)
  eden space 7680K, 0% used [0x00000000d5800000,0x00000000d5800000,0x00000000d5f80000)
  from space 2048K, 82% used [0x00000000d5f80000,0x00000000d6127c90,0x00000000d6180000)
  to   space 2048K, 0% used [0x00000000d6600000,0x00000000d6600000,0x00000000d6800000)
 ParOldGen       total 129536K, used 1762K [0x0000000080800000, 0x0000000088680000, 0x00000000d5800000)
  object space 129536K, 1% used [0x0000000080800000,0x00000000809b8978,0x0000000088680000)
 Metaspace       used 11265K, capacity 11421K, committed 11520K, reserved 1060864K
  class space    used 940K, capacity 997K, committed 1024K, reserved 1048576K
}
Event: 2.788 GC heap before
{Heap before GC invocations=10 (full 0):
 PSYoungGen      total 9728K, used 9375K [0x00000000d5800000, 0x00000000d6800000, 0x0000000100000000)
  eden space 7680K, 100% used [0x00000000d5800000,0x00000000d5f80000,0x00000000d5f80000)
  from space 2048K, 82% used [0x00000000d5f80000,0x00000000d6127c90,0x00000000d6180000)
  to   space 2048K, 0% used [0x00000000d6600000,0x00000000d6600000,0x00000000d6800000)
 ParOldGen       total 129536K, used 22242K [0x0000000080800000, 0x0000000088680000, 0x00000000d5800000)
  object space 129536K, 17% used [0x0000000080800000,0x0000000081db8998,0x0000000088680000)
 Metaspace       used 11366K, capacity 11551K, committed 11776K, reserved 1060864K
  class space    used 944K, capacity 998K, committed 1024K, reserved 1048576K
Event: 2.790 GC heap after
Heap after GC invocations=10 (full 0):
 PSYoungGen      total 14336K, used 896K [0x00000000d5800000, 0x00000000d6800000, 0x0000000100000000)
  eden space 12288K, 0% used [0x00000000d5800000,0x00000000d5800000,0x00000000d6400000)
  from space 2048K, 43% used [0x00000000d6600000,0x00000000d66e0000,0x00000000d6800000)
  to   space 2048K, 0% used [0x00000000d6400000,0x00000000d6400000,0x00000000d6600000)
 ParOldGen       total 129536K, used 22629K [0x0000000080800000, 0x0000000088680000, 0x00000000d5800000)
  object space 129536K, 17% used [0x0000000080800000,0x0000000081e19780,0x0000000088680000)
 Metaspace       used 11366K, capacity 11551K, committed 11776K, reserved 1060864K
  class space    used 944K, capacity 998K, committed 1024K, reserved 1048576K
}

Deoptimization events (0 events):
No events

Internal exceptions (10 events):
Event: 2.791 Thread 0x0000000002da2800 Exception <a 'java/lang/ArrayIndexOutOfBoundsException'> (0x00000000d58049f0) thrown at [D:\re\workspace\8-2-build-windows-amd64-cygwin\jdk8u5\2488\hotspot\src\share\vm\runtime\sharedRuntime.cpp, line 595]
Event: 2.791 Thread 0x0000000002da2800 Exception <a 'java/lang/ArrayIndexOutOfBoundsException'> (0x00000000d5804bd0) thrown at [D:\re\workspace\8-2-build-windows-amd64-cygwin\jdk8u5\2488\hotspot\src\share\vm\runtime\sharedRuntime.cpp, line 595]
Event: 2.792 Thread 0x0000000002da2800 Exception <a 'java/lang/ArrayIndexOutOfBoundsException'> (0x00000000d5805ff0) thrown at [D:\re\workspace\8-2-build-windows-amd64-cygwin\jdk8u5\2488\hotspot\src\share\vm\runtime\sharedRuntime.cpp, line 595]
Event: 2.792 Thread 0x0000000002da2800 Exception <a 'java/lang/ArrayIndexOutOfBoundsException'> (0x00000000d58061d0) thrown at [D:\re\workspace\8-2-build-windows-amd64-cygwin\jdk8u5\2488\hotspot\src\share\vm\runtime\sharedRuntime.cpp, line 595]
Event: 2.792 Thread 0x0000000002da2800 Exception <a 'java/lang/ArrayIndexOutOfBoundsException'> (0x00000000d58063b0) thrown at [D:\re\workspace\8-2-build-windows-amd64-cygwin\jdk8u5\2488\hotspot\src\share\vm\runtime\sharedRuntime.cpp, line 595]
Event: 2.792 Thread 0x0000000002da2800 Exception <a 'java/lang/ArrayIndexOutOfBoundsException'> (0x00000000d5806590) thrown at [D:\re\workspace\8-2-build-windows-amd64-cygwin\jdk8u5\2488\hotspot\src\share\vm\runtime\sharedRuntime.cpp, line 595]
Event: 2.792 Thread 0x0000000002da2800 Exception <a 'java/lang/ArrayIndexOutOfBoundsException'> (0x00000000d5806770) thrown at [D:\re\workspace\8-2-build-windows-amd64-cygwin\jdk8u5\2488\hotspot\src\share\vm\runtime\sharedRuntime.cpp, line 595]
Event: 2.792 Thread 0x0000000002da2800 Exception <a 'java/lang/ArrayIndexOutOfBoundsException'> (0x00000000d5806950) thrown at [D:\re\workspace\8-2-build-windows-amd64-cygwin\jdk8u5\2488\hotspot\src\share\vm\runtime\sharedRuntime.cpp, line 595]
Event: 2.792 Thread 0x0000000002da2800 Exception <a 'java/lang/ArrayIndexOutOfBoundsException'> (0x00000000d5806b30) thrown at [D:\re\workspace\8-2-build-windows-amd64-cygwin\jdk8u5\2488\hotspot\src\share\vm\runtime\sharedRuntime.cpp, line 595]
Event: 2.792 Thread 0x0000000002da2800 Exception <a 'java/lang/ArrayIndexOutOfBoundsException'> (0x00000000d5806d10) thrown at [D:\re\workspace\8-2-build-windows-amd64-cygwin\jdk8u5\2488\hotspot\src\share\vm\runtime\sharedRuntime.cpp, line 595]

Events (10 events):
Event: 2.611 loading class org/lwjgl/system/libc/LibCStdlib
Event: 2.611 loading class org/lwjgl/system/libc/LibCStdlib done
Event: 2.612 loading class world/World
Event: 2.612 loading class world/World done
Event: 2.622 loading class java/lang/ArrayIndexOutOfBoundsException
Event: 2.622 loading class java/lang/ArrayIndexOutOfBoundsException done
Event: 2.622 loading class io/Timer
Event: 2.622 loading class io/Timer done
Event: 2.788 Executing VM operation: ParallelGCFailedAllocation
Event: 2.790 Executing VM operation: ParallelGCFailedAllocation done


Dynamic libraries:
0x00007ff60efe0000 - 0x00007ff60f014000 	C:\Program Files\Java\jdk1.8.0_05\bin\java.exe
0x00007ffb36b70000 - 0x00007ffb36d42000 	C:\WINDOWS\SYSTEM32\ntdll.dll
0x00007ffb34980000 - 0x00007ffb34a2c000 	C:\WINDOWS\System32\KERNEL32.DLL
0x00007ffb33620000 - 0x00007ffb3383d000 	C:\WINDOWS\System32\KERNELBASE.dll
0x0000000066be0000 - 0x0000000066c93000 	C:\Program Files\Bitdefender\Bitdefender 2015\Active Virus Control\Avc3_00441_082\avcuf64.dll
0x00007ffb36420000 - 0x00007ffb364c2000 	C:\WINDOWS\System32\ADVAPI32.dll
0x00007ffb341c0000 - 0x00007ffb3425e000 	C:\WINDOWS\System32\msvcrt.dll
0x00007ffb35ff0000 - 0x00007ffb36049000 	C:\WINDOWS\System32\sechost.dll
0x00007ffb34270000 - 0x00007ffb34391000 	C:\WINDOWS\System32\RPCRT4.dll
0x00007ffb34810000 - 0x00007ffb34975000 	C:\WINDOWS\System32\USER32.dll
0x00007ffb339e0000 - 0x00007ffb339fe000 	C:\WINDOWS\System32\win32u.dll
0x00007ffb36ad0000 - 0x00007ffb36b04000 	C:\WINDOWS\System32\GDI32.dll
0x00007ffb33050000 - 0x00007ffb331d0000 	C:\WINDOWS\System32\gdi32full.dll
0x00007ffb27b80000 - 0x00007ffb27dfa000 	C:\WINDOWS\WinSxS\amd64_microsoft.windows.common-controls_6595b64144ccf1df_6.0.14393.953_none_42151e83c686086b\COMCTL32.dll
0x00007ffb34540000 - 0x00007ffb34808000 	C:\WINDOWS\System32\combase.dll
0x00007ffb331d0000 - 0x00007ffb332c5000 	C:\WINDOWS\System32\ucrtbase.dll
0x00007ffb335b0000 - 0x00007ffb3361a000 	C:\WINDOWS\System32\bcryptPrimitives.dll
0x00007ffb363f0000 - 0x00007ffb3641e000 	C:\WINDOWS\System32\IMM32.DLL
0x00000000659f0000 - 0x0000000065ac2000 	C:\Program Files\Java\jdk1.8.0_05\jre\bin\msvcr100.dll
0x0000000065ad0000 - 0x00000000662fa000 	C:\Program Files\Java\jdk1.8.0_05\jre\bin\server\jvm.dll
0x00007ffb36380000 - 0x00007ffb36388000 	C:\WINDOWS\System32\PSAPI.DLL
0x00007ffb20610000 - 0x00007ffb20619000 	C:\WINDOWS\SYSTEM32\WSOCK32.dll
0x00007ffb364d0000 - 0x00007ffb3653a000 	C:\WINDOWS\System32\WS2_32.dll
0x00007ffb311d0000 - 0x00007ffb311f3000 	C:\WINDOWS\SYSTEM32\WINMM.dll
0x00007ffb31170000 - 0x00007ffb3119b000 	C:\WINDOWS\SYSTEM32\WINMMBASE.dll
0x00007ffb33990000 - 0x00007ffb339d2000 	C:\WINDOWS\System32\cfgmgr32.dll
0x00000000659a0000 - 0x00000000659af000 	C:\Program Files\Java\jdk1.8.0_05\jre\bin\verify.dll
0x0000000065970000 - 0x0000000065998000 	C:\Program Files\Java\jdk1.8.0_05\jre\bin\java.dll
0x0000000065950000 - 0x0000000065966000 	C:\Program Files\Java\jdk1.8.0_05\jre\bin\zip.dll
0x00007ffb34a40000 - 0x00007ffb35f48000 	C:\WINDOWS\System32\SHELL32.dll
0x00007ffb33a00000 - 0x00007ffb340d8000 	C:\WINDOWS\System32\windows.storage.dll
0x00007ffb33000000 - 0x00007ffb3304c000 	C:\WINDOWS\System32\powrprof.dll
0x00007ffb36390000 - 0x00007ffb363e2000 	C:\WINDOWS\System32\shlwapi.dll
0x00007ffb32ff0000 - 0x00007ffb32fff000 	C:\WINDOWS\System32\kernel.appcore.dll
0x00007ffb338e0000 - 0x00007ffb33989000 	C:\WINDOWS\System32\shcore.dll
0x00007ffb32fd0000 - 0x00007ffb32fe4000 	C:\WINDOWS\System32\profapi.dll
0x0000000065930000 - 0x000000006594a000 	C:\Program Files\Java\jdk1.8.0_05\jre\bin\net.dll
0x00007ffb328f0000 - 0x00007ffb3294c000 	C:\WINDOWS\system32\mswsock.dll
0x0000000065910000 - 0x0000000065921000 	C:\Program Files\Java\jdk1.8.0_05\jre\bin\nio.dll
0x00007ffb080d0000 - 0x00007ffb08128000 	C:\Users\August's PC\AppData\Local\Temp\lwjglAugust's PC\3.1.4-SNAPSHOT\lwjgl.dll
0x00007ffb10b40000 - 0x00007ffb10b8d000 	C:\Users\AUGUST~1\AppData\Local\Temp\lwjglAugust's PC\3.1.4-SNAPSHOT\glfw.dll
0x00007ffb317e0000 - 0x00007ffb31875000 	C:\WINDOWS\system32\uxtheme.dll
0x00007ffb120b0000 - 0x00007ffb120f0000 	C:\WINDOWS\SYSTEM32\dinput8.dll
0x00007ffb229f0000 - 0x00007ffb229fe000 	C:\WINDOWS\SYSTEM32\xinput1_4.dll
0x00007ffb31d20000 - 0x00007ffb31d48000 	C:\WINDOWS\SYSTEM32\DEVOBJ.dll
0x00007ffb30dc0000 - 0x00007ffb30de6000 	C:\WINDOWS\SYSTEM32\dwmapi.dll
0x00007ffb36220000 - 0x00007ffb3637a000 	C:\WINDOWS\System32\MSCTF.dll
0x00007ffb34100000 - 0x00007ffb341bf000 	C:\WINDOWS\System32\OLEAUT32.dll
0x00007ffb33840000 - 0x00007ffb338dc000 	C:\WINDOWS\System32\msvcp_win.dll
0x00007ffb31fc0000 - 0x00007ffb31fcc000 	C:\WINDOWS\SYSTEM32\HID.DLL
0x00007ffb366a0000 - 0x00007ffb36ac9000 	C:\WINDOWS\System32\SETUPAPI.DLL
0x00007ffb332d0000 - 0x00007ffb33325000 	C:\WINDOWS\System32\WINTRUST.dll
0x00007ffb32fc0000 - 0x00007ffb32fd0000 	C:\WINDOWS\System32\MSASN1.dll
0x00007ffb333e0000 - 0x00007ffb335a9000 	C:\WINDOWS\System32\CRYPT32.dll
0x00007ffaff280000 - 0x00007ffaff3a3000 	C:\WINDOWS\SYSTEM32\opengl32.dll
0x00007ffb22a00000 - 0x00007ffb22a2d000 	C:\WINDOWS\SYSTEM32\GLU32.dll
0x00007ffaff180000 - 0x00007ffaff277000 	C:\WINDOWS\SYSTEM32\DDRAW.dll
0x00007ffb24e20000 - 0x00007ffb24e28000 	C:\WINDOWS\SYSTEM32\DCIMAN32.dll
0x0000000063420000 - 0x0000000065689000 	C:\WINDOWS\SYSTEM32\nvoglv64.DLL
0x00007ffb30ad0000 - 0x00007ffb30ae3000 	C:\WINDOWS\SYSTEM32\WTSAPI32.dll
0x00007ffb2f5c0000 - 0x00007ffb2f5ca000 	C:\WINDOWS\SYSTEM32\VERSION.dll
0x00007ffb31d90000 - 0x00007ffb31dc2000 	C:\WINDOWS\SYSTEM32\ntmarta.dll
0x00007ffb27800000 - 0x00007ffb279dc000 	C:\WINDOWS\system32\nvspcap64.dll
0x00007ffb36050000 - 0x00007ffb36188000 	C:\WINDOWS\System32\ole32.dll
0x00007ffb300f0000 - 0x00007ffb301bd000 	C:\WINDOWS\SYSTEM32\WINHTTP.dll
0x00007ffb32240000 - 0x00007ffb32296000 	C:\WINDOWS\SYSTEM32\WINSTA.dll
0x00007ffb079d0000 - 0x00007ffb07a2f000 	C:\Users\August's PC\AppData\Local\Temp\lwjglAugust's PC\3.1.4-SNAPSHOT\lwjgl_opengl.dll
0x0000000065770000 - 0x0000000065906000 	C:\Program Files\Java\jdk1.8.0_05\jre\bin\awt.dll
0x00007ffb31640000 - 0x00007ffb316ba000 	C:\WINDOWS\SYSTEM32\apphelp.dll
0x00000000633c0000 - 0x00000000633f0000 	C:\Program Files\Java\jdk1.8.0_05\jre\bin\jpeg.dll
0x00007ffb20cd0000 - 0x00007ffb20e62000 	C:\WINDOWS\SYSTEM32\dbghelp.dll
0x00007ffb20ca0000 - 0x00007ffb20cc9000 	C:\WINDOWS\SYSTEM32\dbgcore.DLL

VM Arguments:
jvm_args: -Dfile.encoding=UTF-8 
java_command: src.GPlatform
java_class_path (initial): C:\Users\August's PC\Documents\LWJGL-3.1.4\joml-1.9.4.jar;C:\Users\August's PC\Documents\LWJGL-3.1.4\lwjgl-assimp-natives-windows.jar;C:\Users\August's PC\Documents\LWJGL-3.1.4\lwjgl-assimp.jar;C:\Users\August's PC\Documents\LWJGL-3.1.4\lwjgl-bgfx-natives-windows.jar;C:\Users\August's PC\Documents\LWJGL-3.1.4\lwjgl-bgfx.jar;C:\Users\August's PC\Documents\LWJGL-3.1.4\lwjgl-egl.jar;C:\Users\August's PC\Documents\LWJGL-3.1.4\lwjgl-glfw-natives-windows.jar;C:\Users\August's PC\Documents\LWJGL-3.1.4\lwjgl-glfw.jar;C:\Users\August's PC\Documents\LWJGL-3.1.4\lwjgl-jawt.jar;C:\Users\August's PC\Documents\LWJGL-3.1.4\lwjgl-jemalloc-natives-windows.jar;C:\Users\August's PC\Documents\LWJGL-3.1.4\lwjgl-jemalloc.jar;C:\Users\August's PC\Documents\LWJGL-3.1.4\lwjgl-lmdb-natives-windows.jar;C:\Users\August's PC\Documents\LWJGL-3.1.4\lwjgl-lmdb.jar;C:\Users\August's PC\Documents\LWJGL-3.1.4\lwjgl-nanovg-natives-windows.jar;C:\Users\August's PC\Documents\LWJGL-3.1.4\lwjgl-nanovg.jar;C:\Users\August's PC\Documents\LWJGL-3.1.4\lwjgl-natives-windows.jar;C:\Users\August's PC\Documents\LWJGL-3.1.4\lwjgl-nfd-natives-windows.jar;C:\Users\August's PC\Documents\LWJGL-3.1.4\lwjgl-nfd.jar;C:\Users\August's PC\Documents\LWJGL-3.1.4\lwjgl-nuklear-natives-windows.jar;C:\Users\August's PC\Documents\LWJGL-3.1.4\lwjgl-nuklear.jar;C:\Users\August's PC\Documents\LWJGL-3.1.4\lwjgl-openal-natives-windows.jar;C:\Users\August's PC\Documents\LWJGL-3.1.4\lwjgl-openal.jar;C:\Users\August's PC\Documents\LWJGL-3.1.4\lwjgl-opencl.jar;C:\Users\August's PC\Documents\LWJGL-3.1.4\lwjgl-opengl-natives-windows.jar;C:\Users\August's PC\Documents\LWJGL-3.1.4\lwjgl-opengl.jar;C:\Users\August's PC\Documents\LWJGL-3.1.4\lwjgl-opengles-natives-windows.jar;C:\Users\August's PC\Documents\LWJGL-3.1.4\lwjgl-opengles.jar;C:\Users\August's PC\Documents\LWJGL-3.1.4\lwjgl-openvr-natives-windows.jar;C:\Users\August's PC\Documents\LWJGL-3.1.4\lwjgl-openvr.jar;C:\Users\August's PC\Documents\LWJGL-3.1.4\lw
Launcher Type: SUN_STANDARD

Environment Variables:
PATH=
[error occurred during error reporting (printing environment variables), id 0xc0000005]



---------------  S Y S T E M  ---------------

OS: Windows 8.1 , 64 bit Build 9600 

CPU:total 6 (6 cores per cpu, 1 threads per core) family 21 model 2 stepping 0, cmov, cx8, fxsr, mmx, sse, sse2, sse3, ssse3, sse4.1, sse4.2, popcnt, avx, aes, clmul, mmxext, 3dnowpref, lzcnt, sse4a, tsc, tscinvbit

Memory: 4k page, physical 8350800k(3513164k free), swap 8875088k(2179652k free)

vm_info: Java HotSpot(TM) 64-Bit Server VM (25.5-b02) for windows-amd64 JRE (1.8.0_05-b13), built on Mar 18 2014 01:08:39 by "java_re" with MS VC++ 10.0 (VS2010)

time: Sat Oct 14 17:57:30 2017
elapsed time: 2 seconds

